INFO  2024-04-08T02:39:00,883 (?.:) - Initializing pooled connection manager 
INFO  2024-04-08T02:39:00,925 (?.:) - Looking for Datasource: java:comp/env/jdbc/scadalts 
INFO  2024-04-08T02:39:01,088 (?.:) - DataSource meta: MySQL 8.0.32 
INFO  2024-04-08T02:39:32,549 (?.:) - Scada-LTS context starting at: 1712543972154 
INFO  2024-04-08T02:39:33,620 (?.:) - 
**************************************************
*             Welcome to Scada-LTS!              *
**************************************************
* Version: v2.7.7
* Build: 8079808401
* Powered by: Scada-LTS team
 
ERROR 2024-04-08T02:39:37,979 (?.:) - PreparedStatementCallback; bad SQL grammar [select settingValue from systemSettings where settingName=? ]; nested exception is com.mysql.jdbc.exceptions.jdbc4.MySQLSyntaxErrorException: Table 'scadalts.systemsettings' doesn't exist 
INFO  2024-04-08T02:39:39,324 (?.:) - schemaExist:false 
INFO  2024-04-08T02:39:39,327 (?.:) - BaseLineNotExist:true 
WARN  2024-04-08T02:39:39,354 (?.:) - Use of dots (.) as path separators will be deprecated in Flyway 7. Path: org.scada_lts.dao.migration.mysql 
INFO  2024-04-08T02:39:39,366 (?.:) - Flyway Community Edition 6.5.5 by Redgate 
INFO  2024-04-08T02:39:39,491 (?.:) - Database: jdbc:mysql://database:3306/scadalts (MySQL 8.0) 
INFO  2024-04-08T02:39:39,906 (?.:) - Successfully validated 29 migrations (execution time 00:00.102s) 
INFO  2024-04-08T02:39:40,016 (?.:) - Creating Schema History table `scadalts`.`schema_version` ... 
INFO  2024-04-08T02:39:40,290 (?.:) - Current version of schema `scadalts`: << Empty Schema >> 
INFO  2024-04-08T02:39:40,296 (?.:) - Migrating schema `scadalts` to version 1 - BaseVersion 
INFO  2024-04-08T02:39:42,912 (?.:) - Migrating schema `scadalts` to version 1.1 - ViewsHierarchy 
INFO  2024-04-08T02:39:43,134 (?.:) - Migrating schema `scadalts` to version 1.2 - SetViewSizeProperties 
INFO  2024-04-08T02:39:43,183 (?.:) - Migrating schema `scadalts` to version 1.3 - SetXidPointHierarchy 
INFO  2024-04-08T02:39:43,518 (?.:) - Migrating schema `scadalts` to version 2.0 - CMP history 
INFO  2024-04-08T02:39:43,638 (?.:) - Migrating schema `scadalts` to version 2.3 - FaultsAndAlarms 
WARN  2024-04-08T02:39:43,778 (?.:) - org.springframework.jdbc.BadSqlGrammarException: StatementCallback; bad SQL grammar [ALTER TABLE dataPoints DROP COLUMN pointName;]; nested exception is com.mysql.jdbc.exceptions.jdbc4.MySQLSyntaxErrorException: Can't DROP 'pointName'; check that column/key exists 
WARN  2024-04-08T02:39:43,862 (?.:) - org.springframework.jdbc.BadSqlGrammarException: StatementCallback; bad SQL grammar [ALTER TABLE dataPoints DROP COLUMN plcAlarmLevel;]; nested exception is com.mysql.jdbc.exceptions.jdbc4.MySQLSyntaxErrorException: Can't DROP 'plcAlarmLevel'; check that column/key exists 
INFO  2024-04-08T02:39:44,240 (?.:) - Migrating schema `scadalts` to version 2.4 
INFO  2024-04-08T02:39:44,281 (?.:) - Migrating schema `scadalts` to version 2.5 - ScheduledExecuteInactiveEvent 
INFO  2024-04-08T02:39:44,377 (?.:) - Migrating schema `scadalts` to version 2.6 
INFO  2024-04-08T02:39:44,472 (?.:) - Migrating schema `scadalts` to version 2.6.5.0 - ZIndexForViewComponent 
INFO  2024-04-08T02:39:44,491 (?.:) - Migrating schema `scadalts` to version 2.7.0.1 - UserParameters 
INFO  2024-04-08T02:39:44,527 (?.:) - Migrating schema `scadalts` to version 2.7.0.2 - FixViewPermissions 
INFO  2024-04-08T02:39:44,607 (?.:) - Migrating schema `scadalts` to version 2.7.0.3 - AnonymousUser 
INFO  2024-04-08T02:39:44,628 (?.:) - Migrating schema `scadalts` to version 2.7.0.4 - ExtendedDelayForMetaDatapoints 
INFO  2024-04-08T02:39:44,653 (?.:) - Migrating schema `scadalts` to version 2.7.0.4.1 - CorrectProcedurePrcAlarmsNotify 
INFO  2024-04-08T02:39:44,678 (?.:) - Migrating schema `scadalts` to version 2.7.0.4.2 - MultiChangeHistory 
INFO  2024-04-08T02:39:44,765 (?.:) - Migrating schema `scadalts` to version 2.7.0.5 - SynopticPanel 
INFO  2024-04-08T02:39:44,887 (?.:) - Migrating schema `scadalts` to version 2.7.1.0 - UserNames 
INFO  2024-04-08T02:39:45,057 (?.:) - Migrating schema `scadalts` to version 2.7.1.1 - HttpRetriever 
INFO  2024-04-08T02:39:45,096 (?.:) - Migrating schema `scadalts` to version 2.7.1.2 - PurgeLimitStrategyDatapointProperty 
INFO  2024-04-08T02:39:45,171 (?.:) - Migrating schema `scadalts` to version 2.7.1.3 - ExportImportReport 
INFO  2024-04-08T02:39:45,443 (?.:) - Migrating schema `scadalts` to version 2.7.2.1 - MqttPointLocatorUpdateDataPointXid 
INFO  2024-04-08T02:39:45,521 (?.:) - Migrating schema `scadalts` to version 2.7.3.0 - SqlDataSourceUpdate 
INFO  2024-04-08T02:39:45,579 (?.:) - Migrating schema `scadalts` to version 2.7.4.1 - AddSoapServicesUser 
INFO  2024-04-08T02:39:45,644 (?.:) - Migrating schema `scadalts` to version 2.7.5.3 - AddLangToUser 
INFO  2024-04-08T02:39:45,726 (?.:) - Migrating schema `scadalts` to version 2.7.5.3.1 - AddHttpdsUser 
INFO  2024-04-08T02:39:45,788 (?.:) - Migrating schema `scadalts` to version 2.7.5.3.2 - AddFullScreenToUser 
INFO  2024-04-08T02:39:46,006 (?.:) - Migrating schema `scadalts` to version 2.7.5.4.1 - UpdateAbsoluteToRelativeUrlInLinkComponent 
INFO  2024-04-08T02:39:46,214 (?.:) - Migrating schema `scadalts` to version 2.7.6.1 - ChangeLengthLimitForSettingName 
INFO  2024-04-08T02:39:46,429 (?.:) - Successfully applied 29 migrations to schema `scadalts` (execution time 00:06.136s) 
INFO  2024-04-08T02:39:46,723 (?.:) - Successfully validated 29 migrations (execution time 00:00.033s) 
INFO  2024-04-08T02:39:46,749 (?.:) - Current version of schema `scadalts`: 2.7.6.1 
INFO  2024-04-08T02:39:46,750 (?.:) - Schema `scadalts` is up to date. No migration necessary. 
INFO  2024-04-08T02:39:47,068 (?.:) - Cache event detectors initialized 
INFO  2024-04-08T02:39:47,081 (?.:) - Cache data points initialized 
INFO  2024-04-08T02:39:49,107 (?.:) - Cache point hierarchy initialized 
INFO  2024-04-08T02:39:49,144 (?.:) - Cache views initialized 
INFO  2024-04-08T02:39:49,358 (?.:) - Cache views hierarchy initialized 
INFO  2024-04-08T02:39:49,380 (?.:) - Quartz EverySecond initialized 
INFO  2024-04-08T02:39:49,381 (?.:) - Scada-LTS context started 
INFO  2024-04-08T03:19:06,396 (?.:) - Data source 'WTS-SRC-PMP-0' initialized 
INFO  2024-04-08T03:19:06,432 (?.:) - Data source 'WTS-SRC-FLW-0' initialized 
INFO  2024-04-08T03:19:06,446 (?.:) - Data source 'WTS-TRT-FLW-0' initialized 
INFO  2024-04-08T03:19:06,456 (?.:) - Data source 'WTS-TRT-PRS-0' initialized 
INFO  2024-04-08T03:19:06,464 (?.:) - Data source 'WTS-TRT-VLV-0' initialized 
INFO  2024-04-08T03:19:06,475 (?.:) - Data source 'WTS-STR-PMP-0' initialized 
INFO  2024-04-08T03:19:06,498 (?.:) - Data source 'WTS-STR-VLV-0' initialized 
INFO  2024-04-08T03:19:06,514 (?.:) - Data source 'WTS-DST-FLW-0' initialized 
INFO  2024-04-08T03:19:06,519 (?.:) - Data source 'WTS-DST-PRS-0' initialized 
INFO  2024-04-08T03:19:06,525 (?.:) - Data source 'WTS-DST-PMP-0' initialized 
INFO  2024-04-08T03:19:25,585 (?.:) - Data source 'WTS-DST-FLW-0' stopped 
INFO  2024-04-08T03:19:26,517 (?.:) - Data source 'WTS-DST-FLW-0' initialized 
INFO  2024-04-08T03:50:09,034 (?.:) - Scada-LTS context terminating 
INFO  2024-04-08T03:50:09,212 (?.:) - Data source 'WTS-SRC-PMP-0' stopped 
INFO  2024-04-08T03:50:09,212 (?.:) - Data source 'WTS-SRC-FLW-0' stopped 
INFO  2024-04-08T03:50:09,212 (?.:) - Data source 'WTS-TRT-FLW-0' stopped 
INFO  2024-04-08T03:50:09,212 (?.:) - Data source 'WTS-TRT-PRS-0' stopped 
INFO  2024-04-08T03:50:09,212 (?.:) - Data source 'WTS-TRT-VLV-0' stopped 
INFO  2024-04-08T03:50:09,212 (?.:) - Data source 'WTS-STR-PMP-0' stopped 
INFO  2024-04-08T03:50:09,212 (?.:) - Data source 'WTS-STR-VLV-0' stopped 
INFO  2024-04-08T03:50:09,212 (?.:) - Data source 'WTS-DST-PRS-0' stopped 
INFO  2024-04-08T03:50:09,213 (?.:) - Data source 'WTS-DST-PMP-0' stopped 
INFO  2024-04-08T03:50:09,213 (?.:) - Data source 'WTS-DST-FLW-0' stopped 
INFO  2024-04-08T03:50:09,214 (?.:) - Stopping database 
INFO  2024-04-08T03:50:09,216 (?.:) - Scada-LTS context terminated 
ERROR 2024-04-08T03:50:10,067 (?.:) - BeanFactory not initialized or already closed - call 'refresh' before accessing beans via the ApplicationContext 
java.lang.IllegalStateException: BeanFactory not initialized or already closed - call 'refresh' before accessing beans via the ApplicationContext
	at org.springframework.context.support.AbstractRefreshableApplicationContext.getBeanFactory(AbstractRefreshableApplicationContext.java:170) ~[spring-context-4.3.16.RELEASE.jar:4.3.16.RELEASE]
	at org.springframework.context.support.AbstractApplicationContext.getBean(AbstractApplicationContext.java:1086) ~[spring-context-4.3.16.RELEASE.jar:4.3.16.RELEASE]
	at org.scada_lts.web.beans.ApplicationBeans.get(ApplicationBeans.java:198) ~[classes/:?]
	at org.scada_lts.web.beans.ApplicationBeans.getBeanFromContext(ApplicationBeans.java:188) [classes/:?]
	at org.scada_lts.web.beans.ApplicationBeans.getLoggedUsersBean(ApplicationBeans.java:153) [classes/:?]
	at com.serotonin.mango.vo.User.valueUnbound(User.java:231) [classes/:?]
	at org.apache.catalina.session.StandardSession.removeAttributeInternal(StandardSession.java:1860) [catalina.jar:9.0.53]
	at org.apache.catalina.session.StandardSession.doWriteObject(StandardSession.java:1717) [catalina.jar:9.0.53]
	at org.apache.catalina.session.StandardSession.writeObjectData(StandardSession.java:1067) [catalina.jar:9.0.53]
	at org.apache.catalina.session.StandardManager.doUnload(StandardManager.java:317) [catalina.jar:9.0.53]
	at org.apache.catalina.session.StandardManager.unload(StandardManager.java:268) [catalina.jar:9.0.53]
	at org.apache.catalina.session.StandardManager.stopInternal(StandardManager.java:384) [catalina.jar:9.0.53]
	at org.apache.catalina.util.LifecycleBase.stop(LifecycleBase.java:257) [catalina.jar:9.0.53]
	at org.apache.catalina.core.StandardContext.stopInternal(StandardContext.java:5473) [catalina.jar:9.0.53]
	at org.apache.catalina.util.LifecycleBase.stop(LifecycleBase.java:257) [catalina.jar:9.0.53]
	at org.apache.catalina.core.ContainerBase$StopChild.call(ContainerBase.java:1412) [catalina.jar:9.0.53]
	at org.apache.catalina.core.ContainerBase$StopChild.call(ContainerBase.java:1401) [catalina.jar:9.0.53]
	at java.util.concurrent.FutureTask.run(FutureTask.java:264) [?:?]
	at org.apache.tomcat.util.threads.InlineExecutorService.execute(InlineExecutorService.java:75) [tomcat-util.jar:9.0.53]
	at java.util.concurrent.AbstractExecutorService.submit(AbstractExecutorService.java:140) [?:?]
	at org.apache.catalina.core.ContainerBase.stopInternal(ContainerBase.java:986) [catalina.jar:9.0.53]
	at org.apache.catalina.util.LifecycleBase.stop(LifecycleBase.java:257) [catalina.jar:9.0.53]
	at org.apache.catalina.core.ContainerBase$StopChild.call(ContainerBase.java:1412) [catalina.jar:9.0.53]
	at org.apache.catalina.core.ContainerBase$StopChild.call(ContainerBase.java:1401) [catalina.jar:9.0.53]
	at java.util.concurrent.FutureTask.run(FutureTask.java:264) [?:?]
	at org.apache.tomcat.util.threads.InlineExecutorService.execute(InlineExecutorService.java:75) [tomcat-util.jar:9.0.53]
	at java.util.concurrent.AbstractExecutorService.submit(AbstractExecutorService.java:140) [?:?]
	at org.apache.catalina.core.ContainerBase.stopInternal(ContainerBase.java:986) [catalina.jar:9.0.53]
	at org.apache.catalina.util.LifecycleBase.stop(LifecycleBase.java:257) [catalina.jar:9.0.53]
	at org.apache.catalina.core.StandardService.stopInternal(StandardService.java:497) [catalina.jar:9.0.53]
	at org.apache.catalina.util.LifecycleBase.stop(LifecycleBase.java:257) [catalina.jar:9.0.53]
	at org.apache.catalina.core.StandardServer.stopInternal(StandardServer.java:979) [catalina.jar:9.0.53]
	at org.apache.catalina.util.LifecycleBase.stop(LifecycleBase.java:257) [catalina.jar:9.0.53]
	at org.apache.catalina.startup.Catalina.stop(Catalina.java:849) [catalina.jar:9.0.53]
	at org.apache.catalina.startup.Catalina$CatalinaShutdownHook.run(Catalina.java:996) [catalina.jar:9.0.53]
INFO  2024-04-08T06:00:19,695 (?.:) - Initializing pooled connection manager 
INFO  2024-04-08T06:00:19,708 (?.:) - Looking for Datasource: java:comp/env/jdbc/scadalts 
INFO  2024-04-08T06:00:19,729 (?.:) - DataSource meta: MySQL 8.0.32 
INFO  2024-04-08T06:00:24,097 (?.:) - Scada-LTS context starting at: 1712556024090 
INFO  2024-04-08T06:00:24,145 (?.:) - 
**************************************************
*             Welcome to Scada-LTS!              *
**************************************************
* Version: v2.7.7
* Build: 8079808401
* Powered by: Scada-LTS team
 
INFO  2024-04-08T06:00:24,948 (?.:) - schemaExist:true 
INFO  2024-04-08T06:00:24,951 (?.:) - BaseLineNotExist:false 
WARN  2024-04-08T06:00:24,963 (?.:) - Use of dots (.) as path separators will be deprecated in Flyway 7. Path: org.scada_lts.dao.migration.mysql 
INFO  2024-04-08T06:00:24,976 (?.:) - Flyway Community Edition 6.5.5 by Redgate 
INFO  2024-04-08T06:00:25,031 (?.:) - Database: jdbc:mysql://database:3306/scadalts (MySQL 8.0) 
INFO  2024-04-08T06:00:25,090 (?.:) - Successfully validated 29 migrations (execution time 00:00.022s) 
INFO  2024-04-08T06:00:25,100 (?.:) - Current version of schema `scadalts`: 2.7.6.1 
INFO  2024-04-08T06:00:25,101 (?.:) - Schema `scadalts` is up to date. No migration necessary. 
INFO  2024-04-08T06:00:25,262 (?.:) - Cache event detectors initialized 
INFO  2024-04-08T06:00:25,265 (?.:) - Cache data points initialized 
INFO  2024-04-08T06:00:25,327 (?.:) - Data source 'WTS-DST-FLW-0' initialized 
INFO  2024-04-08T06:00:25,329 (?.:) - Data source 'WTS-DST-PMP-0' initialized 
INFO  2024-04-08T06:00:25,332 (?.:) - Data source 'WTS-DST-PRS-0' initialized 
INFO  2024-04-08T06:00:25,333 (?.:) - Data source 'WTS-SRC-FLW-0' initialized 
INFO  2024-04-08T06:00:25,334 (?.:) - Data source 'WTS-SRC-PMP-0' initialized 
INFO  2024-04-08T06:00:25,335 (?.:) - Data source 'WTS-STR-PMP-0' initialized 
INFO  2024-04-08T06:00:25,337 (?.:) - Data source 'WTS-STR-VLV-0' initialized 
INFO  2024-04-08T06:00:25,340 (?.:) - Data source 'WTS-TRT-FLW-0' initialized 
INFO  2024-04-08T06:00:25,342 (?.:) - Data source 'WTS-TRT-PRS-0' initialized 
INFO  2024-04-08T06:00:25,343 (?.:) - Data source 'WTS-TRT-VLV-0' initialized 
INFO  2024-04-08T06:00:25,507 (?.:) - Cache point hierarchy initialized 
INFO  2024-04-08T06:00:25,510 (?.:) - Cache views initialized 
INFO  2024-04-08T06:00:25,544 (?.:) - Cache views hierarchy initialized 
INFO  2024-04-08T06:00:25,547 (?.:) - Quartz EverySecond initialized 
INFO  2024-04-08T06:00:25,550 (?.:) - Scada-LTS context started 
INFO  2024-04-08T06:01:54,984 (?.:) - Scada-LTS context terminating 
INFO  2024-04-08T06:01:55,033 (?.:) - Data source 'WTS-DST-FLW-0' stopped 
INFO  2024-04-08T06:01:55,033 (?.:) - Data source 'WTS-DST-PMP-0' stopped 
INFO  2024-04-08T06:01:55,034 (?.:) - Data source 'WTS-DST-PRS-0' stopped 
INFO  2024-04-08T06:01:55,034 (?.:) - Data source 'WTS-SRC-FLW-0' stopped 
INFO  2024-04-08T06:01:55,034 (?.:) - Data source 'WTS-SRC-PMP-0' stopped 
INFO  2024-04-08T06:01:55,034 (?.:) - Data source 'WTS-STR-PMP-0' stopped 
INFO  2024-04-08T06:01:55,034 (?.:) - Data source 'WTS-STR-VLV-0' stopped 
INFO  2024-04-08T06:01:55,035 (?.:) - Data source 'WTS-TRT-FLW-0' stopped 
INFO  2024-04-08T06:01:55,035 (?.:) - Data source 'WTS-TRT-PRS-0' stopped 
INFO  2024-04-08T06:01:55,035 (?.:) - Data source 'WTS-TRT-VLV-0' stopped 
INFO  2024-04-08T06:01:55,035 (?.:) - Stopping database 
INFO  2024-04-08T06:01:55,036 (?.:) - Scada-LTS context terminated 
ERROR 2024-04-08T06:01:55,358 (?.:) - BeanFactory not initialized or already closed - call 'refresh' before accessing beans via the ApplicationContext 
java.lang.IllegalStateException: BeanFactory not initialized or already closed - call 'refresh' before accessing beans via the ApplicationContext
	at org.springframework.context.support.AbstractRefreshableApplicationContext.getBeanFactory(AbstractRefreshableApplicationContext.java:170) ~[spring-context-4.3.16.RELEASE.jar:4.3.16.RELEASE]
	at org.springframework.context.support.AbstractApplicationContext.getBean(AbstractApplicationContext.java:1086) ~[spring-context-4.3.16.RELEASE.jar:4.3.16.RELEASE]
	at org.scada_lts.web.beans.ApplicationBeans.get(ApplicationBeans.java:198) ~[classes/:?]
	at org.scada_lts.web.beans.ApplicationBeans.getBeanFromContext(ApplicationBeans.java:188) [classes/:?]
	at org.scada_lts.web.beans.ApplicationBeans.getLoggedUsersBean(ApplicationBeans.java:153) [classes/:?]
	at com.serotonin.mango.vo.User.valueUnbound(User.java:231) [classes/:?]
	at org.apache.catalina.session.StandardSession.removeAttributeInternal(StandardSession.java:1860) [catalina.jar:9.0.53]
	at org.apache.catalina.session.StandardSession.doWriteObject(StandardSession.java:1717) [catalina.jar:9.0.53]
	at org.apache.catalina.session.StandardSession.writeObjectData(StandardSession.java:1067) [catalina.jar:9.0.53]
	at org.apache.catalina.session.StandardManager.doUnload(StandardManager.java:317) [catalina.jar:9.0.53]
	at org.apache.catalina.session.StandardManager.unload(StandardManager.java:268) [catalina.jar:9.0.53]
	at org.apache.catalina.session.StandardManager.stopInternal(StandardManager.java:384) [catalina.jar:9.0.53]
	at org.apache.catalina.util.LifecycleBase.stop(LifecycleBase.java:257) [catalina.jar:9.0.53]
	at org.apache.catalina.core.StandardContext.stopInternal(StandardContext.java:5473) [catalina.jar:9.0.53]
	at org.apache.catalina.util.LifecycleBase.stop(LifecycleBase.java:257) [catalina.jar:9.0.53]
	at org.apache.catalina.core.ContainerBase$StopChild.call(ContainerBase.java:1412) [catalina.jar:9.0.53]
	at org.apache.catalina.core.ContainerBase$StopChild.call(ContainerBase.java:1401) [catalina.jar:9.0.53]
	at java.util.concurrent.FutureTask.run(FutureTask.java:264) [?:?]
	at org.apache.tomcat.util.threads.InlineExecutorService.execute(InlineExecutorService.java:75) [tomcat-util.jar:9.0.53]
	at java.util.concurrent.AbstractExecutorService.submit(AbstractExecutorService.java:140) [?:?]
	at org.apache.catalina.core.ContainerBase.stopInternal(ContainerBase.java:986) [catalina.jar:9.0.53]
	at org.apache.catalina.util.LifecycleBase.stop(LifecycleBase.java:257) [catalina.jar:9.0.53]
	at org.apache.catalina.core.ContainerBase$StopChild.call(ContainerBase.java:1412) [catalina.jar:9.0.53]
	at org.apache.catalina.core.ContainerBase$StopChild.call(ContainerBase.java:1401) [catalina.jar:9.0.53]
	at java.util.concurrent.FutureTask.run(FutureTask.java:264) [?:?]
	at org.apache.tomcat.util.threads.InlineExecutorService.execute(InlineExecutorService.java:75) [tomcat-util.jar:9.0.53]
	at java.util.concurrent.AbstractExecutorService.submit(AbstractExecutorService.java:140) [?:?]
	at org.apache.catalina.core.ContainerBase.stopInternal(ContainerBase.java:986) [catalina.jar:9.0.53]
	at org.apache.catalina.util.LifecycleBase.stop(LifecycleBase.java:257) [catalina.jar:9.0.53]
	at org.apache.catalina.core.StandardService.stopInternal(StandardService.java:497) [catalina.jar:9.0.53]
	at org.apache.catalina.util.LifecycleBase.stop(LifecycleBase.java:257) [catalina.jar:9.0.53]
	at org.apache.catalina.core.StandardServer.stopInternal(StandardServer.java:979) [catalina.jar:9.0.53]
	at org.apache.catalina.util.LifecycleBase.stop(LifecycleBase.java:257) [catalina.jar:9.0.53]
	at org.apache.catalina.startup.Catalina.stop(Catalina.java:849) [catalina.jar:9.0.53]
	at org.apache.catalina.startup.Catalina$CatalinaShutdownHook.run(Catalina.java:996) [catalina.jar:9.0.53]
INFO  2024-04-08T06:51:16,105 (?.:) - Initializing pooled connection manager 
INFO  2024-04-08T06:51:16,117 (?.:) - Looking for Datasource: java:comp/env/jdbc/scadalts 
INFO  2024-04-08T06:51:16,135 (?.:) - DataSource meta: MySQL 8.0.32 
INFO  2024-04-08T06:51:19,699 (?.:) - Scada-LTS context starting at: 1712559079697 
INFO  2024-04-08T06:51:19,766 (?.:) - 
**************************************************
*             Welcome to Scada-LTS!              *
**************************************************
* Version: v2.7.7
* Build: 8079808401
* Powered by: Scada-LTS team
 
INFO  2024-04-08T06:51:20,589 (?.:) - schemaExist:true 
INFO  2024-04-08T06:51:20,593 (?.:) - BaseLineNotExist:false 
WARN  2024-04-08T06:51:20,607 (?.:) - Use of dots (.) as path separators will be deprecated in Flyway 7. Path: org.scada_lts.dao.migration.mysql 
INFO  2024-04-08T06:51:20,616 (?.:) - Flyway Community Edition 6.5.5 by Redgate 
INFO  2024-04-08T06:51:20,674 (?.:) - Database: jdbc:mysql://database:3306/scadalts (MySQL 8.0) 
INFO  2024-04-08T06:51:20,744 (?.:) - Successfully validated 29 migrations (execution time 00:00.022s) 
INFO  2024-04-08T06:51:20,755 (?.:) - Current version of schema `scadalts`: 2.7.6.1 
INFO  2024-04-08T06:51:20,756 (?.:) - Schema `scadalts` is up to date. No migration necessary. 
INFO  2024-04-08T06:51:20,913 (?.:) - Cache event detectors initialized 
INFO  2024-04-08T06:51:20,916 (?.:) - Cache data points initialized 
INFO  2024-04-08T06:51:20,984 (?.:) - Data source 'WTS-DST-FLW-0' initialized 
INFO  2024-04-08T06:51:20,987 (?.:) - Data source 'WTS-DST-PMP-0' initialized 
INFO  2024-04-08T06:51:20,988 (?.:) - Data source 'WTS-DST-PRS-0' initialized 
INFO  2024-04-08T06:51:20,989 (?.:) - Data source 'WTS-SRC-FLW-0' initialized 
INFO  2024-04-08T06:51:20,990 (?.:) - Data source 'WTS-SRC-PMP-0' initialized 
INFO  2024-04-08T06:51:20,992 (?.:) - Data source 'WTS-STR-PMP-0' initialized 
INFO  2024-04-08T06:51:20,993 (?.:) - Data source 'WTS-STR-VLV-0' initialized 
INFO  2024-04-08T06:51:20,996 (?.:) - Data source 'WTS-TRT-FLW-0' initialized 
INFO  2024-04-08T06:51:20,996 (?.:) - Data source 'WTS-TRT-PRS-0' initialized 
INFO  2024-04-08T06:51:20,997 (?.:) - Data source 'WTS-TRT-VLV-0' initialized 
INFO  2024-04-08T06:51:21,163 (?.:) - Cache point hierarchy initialized 
INFO  2024-04-08T06:51:21,167 (?.:) - Cache views initialized 
INFO  2024-04-08T06:51:21,205 (?.:) - Cache views hierarchy initialized 
INFO  2024-04-08T06:51:21,210 (?.:) - Quartz EverySecond initialized 
INFO  2024-04-08T06:51:21,211 (?.:) - Scada-LTS context started 
INFO  2024-04-08T07:03:34,641 (?.:) - Scada-LTS context terminating 
INFO  2024-04-08T07:03:34,799 (?.:) - Data source 'WTS-DST-FLW-0' stopped 
INFO  2024-04-08T07:03:34,803 (?.:) - Data source 'WTS-DST-PMP-0' stopped 
INFO  2024-04-08T07:03:34,804 (?.:) - Data source 'WTS-DST-PRS-0' stopped 
INFO  2024-04-08T07:03:34,805 (?.:) - Data source 'WTS-SRC-FLW-0' stopped 
INFO  2024-04-08T07:03:34,805 (?.:) - Data source 'WTS-SRC-PMP-0' stopped 
INFO  2024-04-08T07:03:34,805 (?.:) - Data source 'WTS-STR-PMP-0' stopped 
INFO  2024-04-08T07:03:34,805 (?.:) - Data source 'WTS-STR-VLV-0' stopped 
INFO  2024-04-08T07:03:34,805 (?.:) - Data source 'WTS-TRT-FLW-0' stopped 
INFO  2024-04-08T07:03:34,806 (?.:) - Data source 'WTS-TRT-PRS-0' stopped 
INFO  2024-04-08T07:03:34,806 (?.:) - Data source 'WTS-TRT-VLV-0' stopped 
INFO  2024-04-08T07:03:34,809 (?.:) - Stopping database 
INFO  2024-04-08T07:03:34,814 (?.:) - Scada-LTS context terminated 
ERROR 2024-04-08T07:03:35,407 (?.:) - BeanFactory not initialized or already closed - call 'refresh' before accessing beans via the ApplicationContext 
java.lang.IllegalStateException: BeanFactory not initialized or already closed - call 'refresh' before accessing beans via the ApplicationContext
	at org.springframework.context.support.AbstractRefreshableApplicationContext.getBeanFactory(AbstractRefreshableApplicationContext.java:170) ~[spring-context-4.3.16.RELEASE.jar:4.3.16.RELEASE]
	at org.springframework.context.support.AbstractApplicationContext.getBean(AbstractApplicationContext.java:1086) ~[spring-context-4.3.16.RELEASE.jar:4.3.16.RELEASE]
	at org.scada_lts.web.beans.ApplicationBeans.get(ApplicationBeans.java:198) ~[classes/:?]
	at org.scada_lts.web.beans.ApplicationBeans.getBeanFromContext(ApplicationBeans.java:188) [classes/:?]
	at org.scada_lts.web.beans.ApplicationBeans.getLoggedUsersBean(ApplicationBeans.java:153) [classes/:?]
	at com.serotonin.mango.vo.User.valueUnbound(User.java:231) [classes/:?]
	at org.apache.catalina.session.StandardSession.removeAttributeInternal(StandardSession.java:1860) [catalina.jar:9.0.53]
	at org.apache.catalina.session.StandardSession.doWriteObject(StandardSession.java:1717) [catalina.jar:9.0.53]
	at org.apache.catalina.session.StandardSession.writeObjectData(StandardSession.java:1067) [catalina.jar:9.0.53]
	at org.apache.catalina.session.StandardManager.doUnload(StandardManager.java:317) [catalina.jar:9.0.53]
	at org.apache.catalina.session.StandardManager.unload(StandardManager.java:268) [catalina.jar:9.0.53]
	at org.apache.catalina.session.StandardManager.stopInternal(StandardManager.java:384) [catalina.jar:9.0.53]
	at org.apache.catalina.util.LifecycleBase.stop(LifecycleBase.java:257) [catalina.jar:9.0.53]
	at org.apache.catalina.core.StandardContext.stopInternal(StandardContext.java:5473) [catalina.jar:9.0.53]
	at org.apache.catalina.util.LifecycleBase.stop(LifecycleBase.java:257) [catalina.jar:9.0.53]
	at org.apache.catalina.core.ContainerBase$StopChild.call(ContainerBase.java:1412) [catalina.jar:9.0.53]
	at org.apache.catalina.core.ContainerBase$StopChild.call(ContainerBase.java:1401) [catalina.jar:9.0.53]
	at java.util.concurrent.FutureTask.run(FutureTask.java:264) [?:?]
	at org.apache.tomcat.util.threads.InlineExecutorService.execute(InlineExecutorService.java:75) [tomcat-util.jar:9.0.53]
	at java.util.concurrent.AbstractExecutorService.submit(AbstractExecutorService.java:140) [?:?]
	at org.apache.catalina.core.ContainerBase.stopInternal(ContainerBase.java:986) [catalina.jar:9.0.53]
	at org.apache.catalina.util.LifecycleBase.stop(LifecycleBase.java:257) [catalina.jar:9.0.53]
	at org.apache.catalina.core.ContainerBase$StopChild.call(ContainerBase.java:1412) [catalina.jar:9.0.53]
	at org.apache.catalina.core.ContainerBase$StopChild.call(ContainerBase.java:1401) [catalina.jar:9.0.53]
	at java.util.concurrent.FutureTask.run(FutureTask.java:264) [?:?]
	at org.apache.tomcat.util.threads.InlineExecutorService.execute(InlineExecutorService.java:75) [tomcat-util.jar:9.0.53]
	at java.util.concurrent.AbstractExecutorService.submit(AbstractExecutorService.java:140) [?:?]
	at org.apache.catalina.core.ContainerBase.stopInternal(ContainerBase.java:986) [catalina.jar:9.0.53]
	at org.apache.catalina.util.LifecycleBase.stop(LifecycleBase.java:257) [catalina.jar:9.0.53]
	at org.apache.catalina.core.StandardService.stopInternal(StandardService.java:497) [catalina.jar:9.0.53]
	at org.apache.catalina.util.LifecycleBase.stop(LifecycleBase.java:257) [catalina.jar:9.0.53]
	at org.apache.catalina.core.StandardServer.stopInternal(StandardServer.java:979) [catalina.jar:9.0.53]
	at org.apache.catalina.util.LifecycleBase.stop(LifecycleBase.java:257) [catalina.jar:9.0.53]
	at org.apache.catalina.startup.Catalina.stop(Catalina.java:849) [catalina.jar:9.0.53]
	at org.apache.catalina.startup.Catalina$CatalinaShutdownHook.run(Catalina.java:996) [catalina.jar:9.0.53]
INFO  2024-04-08T07:28:45,629 (?.:) - Initializing pooled connection manager 
INFO  2024-04-08T07:28:45,662 (?.:) - Looking for Datasource: java:comp/env/jdbc/scadalts 
INFO  2024-04-08T07:28:45,684 (?.:) - DataSource meta: MySQL 8.0.32 
INFO  2024-04-08T07:28:49,888 (?.:) - Scada-LTS context starting at: 1712561329885 
INFO  2024-04-08T07:28:49,939 (?.:) - 
**************************************************
*             Welcome to Scada-LTS!              *
**************************************************
* Version: v2.7.7
* Build: 8079808401
* Powered by: Scada-LTS team
 
INFO  2024-04-08T07:28:50,752 (?.:) - schemaExist:true 
INFO  2024-04-08T07:28:50,757 (?.:) - BaseLineNotExist:false 
WARN  2024-04-08T07:28:50,771 (?.:) - Use of dots (.) as path separators will be deprecated in Flyway 7. Path: org.scada_lts.dao.migration.mysql 
INFO  2024-04-08T07:28:50,781 (?.:) - Flyway Community Edition 6.5.5 by Redgate 
INFO  2024-04-08T07:28:50,839 (?.:) - Database: jdbc:mysql://database:3306/scadalts (MySQL 8.0) 
INFO  2024-04-08T07:28:50,924 (?.:) - Successfully validated 29 migrations (execution time 00:00.037s) 
INFO  2024-04-08T07:28:50,940 (?.:) - Current version of schema `scadalts`: 2.7.6.1 
INFO  2024-04-08T07:28:50,941 (?.:) - Schema `scadalts` is up to date. No migration necessary. 
INFO  2024-04-08T07:28:51,086 (?.:) - Cache event detectors initialized 
INFO  2024-04-08T07:28:51,087 (?.:) - Cache data points initialized 
INFO  2024-04-08T07:28:51,159 (?.:) - Data source 'WTS-DST-FLW-0' initialized 
INFO  2024-04-08T07:28:51,161 (?.:) - Data source 'WTS-DST-PMP-0' initialized 
INFO  2024-04-08T07:28:51,162 (?.:) - Data source 'WTS-DST-PRS-0' initialized 
INFO  2024-04-08T07:28:51,163 (?.:) - Data source 'WTS-SRC-FLW-0' initialized 
INFO  2024-04-08T07:28:51,165 (?.:) - Data source 'WTS-SRC-PMP-0' initialized 
INFO  2024-04-08T07:28:51,166 (?.:) - Data source 'WTS-STR-PMP-0' initialized 
INFO  2024-04-08T07:28:51,167 (?.:) - Data source 'WTS-STR-VLV-0' initialized 
INFO  2024-04-08T07:28:51,168 (?.:) - Data source 'WTS-TRT-FLW-0' initialized 
INFO  2024-04-08T07:28:51,168 (?.:) - Data source 'WTS-TRT-PRS-0' initialized 
INFO  2024-04-08T07:28:51,169 (?.:) - Data source 'WTS-TRT-VLV-0' initialized 
INFO  2024-04-08T07:28:51,401 (?.:) - Cache point hierarchy initialized 
INFO  2024-04-08T07:28:51,427 (?.:) - Cache views initialized 
INFO  2024-04-08T07:28:51,497 (?.:) - Cache views hierarchy initialized 
INFO  2024-04-08T07:28:51,500 (?.:) - Quartz EverySecond initialized 
INFO  2024-04-08T07:28:51,504 (?.:) - Scada-LTS context started 
INFO  2024-04-08T07:31:48,860 (?.:) - Scada-LTS context terminating 
ERROR 2024-04-08T07:31:50,248 (?.:) - BeanFactory not initialized or already closed - call 'refresh' before accessing beans via the ApplicationContext 
java.lang.IllegalStateException: BeanFactory not initialized or already closed - call 'refresh' before accessing beans via the ApplicationContext
	at org.springframework.context.support.AbstractRefreshableApplicationContext.getBeanFactory(AbstractRefreshableApplicationContext.java:170) ~[spring-context-4.3.16.RELEASE.jar:4.3.16.RELEASE]
	at org.springframework.context.support.AbstractApplicationContext.getBean(AbstractApplicationContext.java:1086) ~[spring-context-4.3.16.RELEASE.jar:4.3.16.RELEASE]
	at org.scada_lts.web.beans.ApplicationBeans.get(ApplicationBeans.java:198) ~[classes/:?]
	at org.scada_lts.web.beans.ApplicationBeans.getBeanFromContext(ApplicationBeans.java:188) [classes/:?]
	at org.scada_lts.web.beans.ApplicationBeans.getLoggedUsersBean(ApplicationBeans.java:153) [classes/:?]
	at com.serotonin.mango.vo.User.valueUnbound(User.java:231) [classes/:?]
	at org.apache.catalina.session.StandardSession.removeAttributeInternal(StandardSession.java:1860) [catalina.jar:9.0.53]
	at org.apache.catalina.session.StandardSession.doWriteObject(StandardSession.java:1717) [catalina.jar:9.0.53]
	at org.apache.catalina.session.StandardSession.writeObjectData(StandardSession.java:1067) [catalina.jar:9.0.53]
	at org.apache.catalina.session.StandardManager.doUnload(StandardManager.java:317) [catalina.jar:9.0.53]
	at org.apache.catalina.session.StandardManager.unload(StandardManager.java:268) [catalina.jar:9.0.53]
	at org.apache.catalina.session.StandardManager.stopInternal(StandardManager.java:384) [catalina.jar:9.0.53]
	at org.apache.catalina.util.LifecycleBase.stop(LifecycleBase.java:257) [catalina.jar:9.0.53]
	at org.apache.catalina.core.StandardContext.stopInternal(StandardContext.java:5473) [catalina.jar:9.0.53]
	at org.apache.catalina.util.LifecycleBase.stop(LifecycleBase.java:257) [catalina.jar:9.0.53]
	at org.apache.catalina.core.ContainerBase$StopChild.call(ContainerBase.java:1412) [catalina.jar:9.0.53]
	at org.apache.catalina.core.ContainerBase$StopChild.call(ContainerBase.java:1401) [catalina.jar:9.0.53]
	at java.util.concurrent.FutureTask.run(FutureTask.java:264) [?:?]
	at org.apache.tomcat.util.threads.InlineExecutorService.execute(InlineExecutorService.java:75) [tomcat-util.jar:9.0.53]
	at java.util.concurrent.AbstractExecutorService.submit(AbstractExecutorService.java:140) [?:?]
	at org.apache.catalina.core.ContainerBase.stopInternal(ContainerBase.java:986) [catalina.jar:9.0.53]
	at org.apache.catalina.util.LifecycleBase.stop(LifecycleBase.java:257) [catalina.jar:9.0.53]
	at org.apache.catalina.core.ContainerBase$StopChild.call(ContainerBase.java:1412) [catalina.jar:9.0.53]
	at org.apache.catalina.core.ContainerBase$StopChild.call(ContainerBase.java:1401) [catalina.jar:9.0.53]
	at java.util.concurrent.FutureTask.run(FutureTask.java:264) [?:?]
	at org.apache.tomcat.util.threads.InlineExecutorService.execute(InlineExecutorService.java:75) [tomcat-util.jar:9.0.53]
	at java.util.concurrent.AbstractExecutorService.submit(AbstractExecutorService.java:140) [?:?]
	at org.apache.catalina.core.ContainerBase.stopInternal(ContainerBase.java:986) [catalina.jar:9.0.53]
	at org.apache.catalina.util.LifecycleBase.stop(LifecycleBase.java:257) [catalina.jar:9.0.53]
	at org.apache.catalina.core.StandardService.stopInternal(StandardService.java:497) [catalina.jar:9.0.53]
	at org.apache.catalina.util.LifecycleBase.stop(LifecycleBase.java:257) [catalina.jar:9.0.53]
	at org.apache.catalina.core.StandardServer.stopInternal(StandardServer.java:979) [catalina.jar:9.0.53]
	at org.apache.catalina.util.LifecycleBase.stop(LifecycleBase.java:257) [catalina.jar:9.0.53]
	at org.apache.catalina.startup.Catalina.stop(Catalina.java:849) [catalina.jar:9.0.53]
	at org.apache.catalina.startup.Catalina$CatalinaShutdownHook.run(Catalina.java:996) [catalina.jar:9.0.53]
